[ 2023-05-08 16:56:22,444 ] 14 root - INFO - Retrieving data from URL
[ 2023-05-08 16:56:25,778 ] 16 root - INFO - Data retrieved from URL
[ 2023-05-08 16:56:25,778 ] 18 root - INFO - Uploading data to Azure Blob Storage
[ 2023-05-08 16:56:25,926 ] 510 azure.core.pipeline.policies.http_logging_policy - INFO - Request URL: 'https://marcelloblfiles.blob.core.windows.net/hotelcustomerdatacontainer/ingested_data2_hotel.parquet'
Request method: 'PUT'
Request headers:
    'Content-Length': '11911035'
    'x-ms-blob-type': 'REDACTED'
    'x-ms-version': 'REDACTED'
    'Content-Type': 'application/octet-stream'
    'Accept': 'application/xml'
    'User-Agent': 'azsdk-python-storage-blob/12.16.0 Python/3.10.11 (Windows-10-10.0.19045-SP0)'
    'x-ms-date': 'REDACTED'
    'x-ms-client-request-id': 'e32955ad-edb8-11ed-8e4d-932ca7e29b37'
    'Authorization': 'REDACTED'
A body is sent with the request
[ 2023-05-08 16:56:34,956 ] 549 azure.core.pipeline.policies.http_logging_policy - INFO - Response status: 201
Response headers:
    'Content-Length': '0'
    'Content-MD5': 'REDACTED'
    'Last-Modified': 'Mon, 08 May 2023 15:56:35 GMT'
    'ETag': '"0x8DB4FDCCCD0C72A"'
    'Server': 'Windows-Azure-Blob/1.0 Microsoft-HTTPAPI/2.0'
    'x-ms-request-id': '88a29bd4-101e-00ad-28c5-8141f9000000'
    'x-ms-client-request-id': 'e32955ad-edb8-11ed-8e4d-932ca7e29b37'
    'x-ms-version': 'REDACTED'
    'x-ms-content-crc64': 'REDACTED'
    'x-ms-request-server-encrypted': 'REDACTED'
    'Date': 'Mon, 08 May 2023 15:56:34 GMT'
[ 2023-05-08 16:56:34,959 ] 20 root - INFO - Data uploaded to Azure Blob Storage
